{"/Users/masami/family-tree/src/index.ts": {"path":"/Users/masami/family-tree/src/index.ts","statementMap":{"0":{"start":{"line":1,"column":0},"end":{"line":1,"column":30}},"1":{"start":{"line":2,"column":0},"end":{"line":2,"column":24}},"2":{"start":{"line":3,"column":0},"end":{"line":3,"column":34}},"3":{"start":{"line":4,"column":0},"end":{"line":4,"column":36}},"4":{"start":{"line":6,"column":13},"end":{"line":6,"column":29}},"5":{"start":{"line":9,"column":0},"end":{"line":9,"column":16}},"6":{"start":{"line":10,"column":0},"end":{"line":10,"column":24}},"7":{"start":{"line":11,"column":0},"end":{"line":11,"column":48}},"8":{"start":{"line":14,"column":0},"end":{"line":14,"column":33}},"9":{"start":{"line":17,"column":0},"end":{"line":19,"column":3}},"10":{"start":{"line":18,"column":2},"end":{"line":18,"column":66}},"11":{"start":{"line":23,"column":0},"end":{"line":26,"column":3}},"12":{"start":{"line":24,"column":2},"end":{"line":24,"column":31}},"13":{"start":{"line":25,"column":2},"end":{"line":25,"column":59}},"14":{"start":{"line":29,"column":0},"end":{"line":33,"column":1}},"15":{"start":{"line":30,"column":2},"end":{"line":32,"column":5}},"16":{"start":{"line":31,"column":4},"end":{"line":31,"column":60}}},"fnMap":{"0":{"name":"(anonymous_1)","decl":{"start":{"line":17,"column":19},"end":{"line":17,"column":20}},"loc":{"start":{"line":17,"column":33},"end":{"line":19,"column":1}}},"1":{"name":"(anonymous_2)","decl":{"start":{"line":23,"column":8},"end":{"line":23,"column":9}},"loc":{"start":{"line":23,"column":98},"end":{"line":26,"column":1}}},"2":{"name":"(anonymous_3)","decl":{"start":{"line":30,"column":26},"end":{"line":30,"column":29}},"loc":{"start":{"line":30,"column":31},"end":{"line":32,"column":3}}}},"branchMap":{"0":{"loc":{"start":{"line":29,"column":0},"end":{"line":33,"column":1}},"type":"if","locations":[{"start":{"line":29,"column":0},"end":{"line":33,"column":1}}]}},"s":{"0":2,"1":2,"2":2,"3":2,"4":2,"5":2,"6":2,"7":2,"8":2,"9":2,"10":1,"11":2,"12":0,"13":0,"14":2,"15":0,"16":0},"f":{"0":1,"1":0,"2":0},"b":{"0":[0]}}
,"/Users/masami/family-tree/src/api/auth/index.ts": {"path":"/Users/masami/family-tree/src/api/auth/index.ts","statementMap":{"0":{"start":{"line":1,"column":0},"end":{"line":1,"column":33}},"1":{"start":{"line":2,"column":0},"end":{"line":2,"column":66}},"2":{"start":{"line":3,"column":0},"end":{"line":3,"column":55}},"3":{"start":{"line":4,"column":0},"end":{"line":4,"column":65}},"4":{"start":{"line":6,"column":15},"end":{"line":6,"column":23}},"5":{"start":{"line":9,"column":21},"end":{"line":9,"column":57}},"6":{"start":{"line":10,"column":24},"end":{"line":10,"column":60}},"7":{"start":{"line":13,"column":0},"end":{"line":13,"column":67}},"8":{"start":{"line":14,"column":0},"end":{"line":14,"column":58}},"9":{"start":{"line":17,"column":0},"end":{"line":17,"column":53}},"10":{"start":{"line":18,"column":0},"end":{"line":18,"column":62}},"11":{"start":{"line":20,"column":0},"end":{"line":20,"column":22}}},"fnMap":{},"branchMap":{},"s":{"0":2,"1":2,"2":2,"3":2,"4":2,"5":2,"6":2,"7":2,"8":2,"9":2,"10":2,"11":2},"f":{},"b":{}}
,"/Users/masami/family-tree/src/config/index.ts": {"path":"/Users/masami/family-tree/src/config/index.ts","statementMap":{"0":{"start":{"line":1,"column":0},"end":{"line":1,"column":28}},"1":{"start":{"line":3,"column":0},"end":{"line":3,"column":16}},"2":{"start":{"line":5,"column":13},"end":{"line":11,"column":2}}},"fnMap":{},"branchMap":{"0":{"loc":{"start":{"line":6,"column":8},"end":{"line":6,"column":32}},"type":"binary-expr","locations":[{"start":{"line":6,"column":8},"end":{"line":6,"column":24}},{"start":{"line":6,"column":28},"end":{"line":6,"column":32}}]},"1":{"loc":{"start":{"line":7,"column":13},"end":{"line":7,"column":59}},"type":"binary-expr","locations":[{"start":{"line":7,"column":13},"end":{"line":7,"column":35}},{"start":{"line":7,"column":39},"end":{"line":7,"column":59}}]},"2":{"loc":{"start":{"line":8,"column":16},"end":{"line":8,"column":51}},"type":"binary-expr","locations":[{"start":{"line":8,"column":16},"end":{"line":8,"column":42}},{"start":{"line":8,"column":46},"end":{"line":8,"column":51}}]},"3":{"loc":{"start":{"line":9,"column":25},"end":{"line":9,"column":58}},"type":"binary-expr","locations":[{"start":{"line":9,"column":25},"end":{"line":9,"column":50}},{"start":{"line":9,"column":54},"end":{"line":9,"column":58}}]},"4":{"loc":{"start":{"line":10,"column":11},"end":{"line":10,"column":48}},"type":"binary-expr","locations":[{"start":{"line":10,"column":11},"end":{"line":10,"column":31}},{"start":{"line":10,"column":35},"end":{"line":10,"column":48}}]}},"s":{"0":4,"1":4,"2":4},"f":{},"b":{"0":[4,4],"1":[4,4],"2":[4,4],"3":[4,4],"4":[4,0]}}
,"/Users/masami/family-tree/src/controllers/authController.ts": {"path":"/Users/masami/family-tree/src/controllers/authController.ts","statementMap":{"0":{"start":{"line":2,"column":0},"end":{"line":2,"column":28}},"1":{"start":{"line":3,"column":0},"end":{"line":3,"column":31}},"2":{"start":{"line":4,"column":0},"end":{"line":4,"column":43}},"3":{"start":{"line":5,"column":0},"end":{"line":5,"column":74}},"4":{"start":{"line":6,"column":0},"end":{"line":6,"column":64}},"5":{"start":{"line":7,"column":0},"end":{"line":7,"column":35}},"6":{"start":{"line":8,"column":0},"end":{"line":8,"column":66}},"7":{"start":{"line":10,"column":13},"end":{"line":132,"column":2}},"8":{"start":{"line":12,"column":4},"end":{"line":48,"column":5}},"9":{"start":{"line":14,"column":28},"end":{"line":14,"column":50}},"10":{"start":{"line":15,"column":40},"end":{"line":15,"column":53}},"11":{"start":{"line":18,"column":21},"end":{"line":18,"column":56}},"12":{"start":{"line":19,"column":6},"end":{"line":22,"column":7}},"13":{"start":{"line":20,"column":8},"end":{"line":20,"column":41}},"14":{"start":{"line":21,"column":8},"end":{"line":21,"column":15}},"15":{"start":{"line":25,"column":27},"end":{"line":25,"column":61}},"16":{"start":{"line":26,"column":6},"end":{"line":29,"column":7}},"17":{"start":{"line":27,"column":8},"end":{"line":27,"column":63}},"18":{"start":{"line":28,"column":8},"end":{"line":28,"column":15}},"19":{"start":{"line":32,"column":29},"end":{"line":32,"column":77}},"20":{"start":{"line":35,"column":19},"end":{"line":39,"column":8}},"21":{"start":{"line":41,"column":6},"end":{"line":44,"column":9}},"22":{"start":{"line":46,"column":6},"end":{"line":46,"column":50}},"23":{"start":{"line":47,"column":6},"end":{"line":47,"column":63}},"24":{"start":{"line":52,"column":4},"end":{"line":93,"column":5}},"25":{"start":{"line":54,"column":28},"end":{"line":54,"column":51}},"26":{"start":{"line":55,"column":34},"end":{"line":55,"column":47}},"27":{"start":{"line":58,"column":21},"end":{"line":58,"column":49}},"28":{"start":{"line":59,"column":6},"end":{"line":62,"column":7}},"29":{"start":{"line":60,"column":8},"end":{"line":60,"column":41}},"30":{"start":{"line":61,"column":8},"end":{"line":61,"column":15}},"31":{"start":{"line":65,"column":19},"end":{"line":65,"column":53}},"32":{"start":{"line":66,"column":6},"end":{"line":69,"column":7}},"33":{"start":{"line":67,"column":8},"end":{"line":67,"column":63}},"34":{"start":{"line":68,"column":8},"end":{"line":68,"column":15}},"35":{"start":{"line":72,"column":30},"end":{"line":72,"column":75}},"36":{"start":{"line":73,"column":6},"end":{"line":76,"column":7}},"37":{"start":{"line":74,"column":8},"end":{"line":74,"column":63}},"38":{"start":{"line":75,"column":8},"end":{"line":75,"column":15}},"39":{"start":{"line":79,"column":20},"end":{"line":82,"column":null}},"40":{"start":{"line":85,"column":6},"end":{"line":89,"column":9}},"41":{"start":{"line":91,"column":6},"end":{"line":91,"column":43}},"42":{"start":{"line":92,"column":6},"end":{"line":92,"column":63}},"43":{"start":{"line":97,"column":4},"end":{"line":115,"column":5}},"44":{"start":{"line":98,"column":6},"end":{"line":101,"column":7}},"45":{"start":{"line":99,"column":8},"end":{"line":99,"column":56}},"46":{"start":{"line":100,"column":8},"end":{"line":100,"column":15}},"47":{"start":{"line":103,"column":19},"end":{"line":103,"column":60}},"48":{"start":{"line":104,"column":6},"end":{"line":107,"column":7}},"49":{"start":{"line":105,"column":8},"end":{"line":105,"column":58}},"50":{"start":{"line":106,"column":8},"end":{"line":106,"column":15}},"51":{"start":{"line":109,"column":6},"end":{"line":111,"column":9}},"52":{"start":{"line":113,"column":6},"end":{"line":113,"column":46}},"53":{"start":{"line":114,"column":6},"end":{"line":114,"column":63}},"54":{"start":{"line":119,"column":4},"end":{"line":130,"column":5}},"55":{"start":{"line":120,"column":25},"end":{"line":120,"column":50}},"56":{"start":{"line":121,"column":6},"end":{"line":124,"column":7}},"57":{"start":{"line":122,"column":22},"end":{"line":122,"column":45}},"58":{"start":{"line":123,"column":8},"end":{"line":123,"column":31}},"59":{"start":{"line":126,"column":6},"end":{"line":126,"column":61}},"60":{"start":{"line":128,"column":6},"end":{"line":128,"column":44}},"61":{"start":{"line":129,"column":6},"end":{"line":129,"column":63}}},"fnMap":{"0":{"name":"(anonymous_1)","decl":{"start":{"line":11,"column":12},"end":{"line":11,"column":17}},"loc":{"start":{"line":11,"column":65},"end":{"line":49,"column":3}}},"1":{"name":"(anonymous_2)","decl":{"start":{"line":51,"column":9},"end":{"line":51,"column":14}},"loc":{"start":{"line":51,"column":62},"end":{"line":94,"column":3}}},"2":{"name":"(anonymous_3)","decl":{"start":{"line":96,"column":6},"end":{"line":96,"column":11}},"loc":{"start":{"line":96,"column":63},"end":{"line":116,"column":3}}},"3":{"name":"(anonymous_4)","decl":{"start":{"line":118,"column":10},"end":{"line":118,"column":15}},"loc":{"start":{"line":118,"column":67},"end":{"line":131,"column":3}}}},"branchMap":{"0":{"loc":{"start":{"line":19,"column":6},"end":{"line":22,"column":7}},"type":"if","locations":[{"start":{"line":19,"column":6},"end":{"line":22,"column":7}}]},"1":{"loc":{"start":{"line":26,"column":6},"end":{"line":29,"column":7}},"type":"if","locations":[{"start":{"line":26,"column":6},"end":{"line":29,"column":7}}]},"2":{"loc":{"start":{"line":59,"column":6},"end":{"line":62,"column":7}},"type":"if","locations":[{"start":{"line":59,"column":6},"end":{"line":62,"column":7}}]},"3":{"loc":{"start":{"line":66,"column":6},"end":{"line":69,"column":7}},"type":"if","locations":[{"start":{"line":66,"column":6},"end":{"line":69,"column":7}}]},"4":{"loc":{"start":{"line":73,"column":6},"end":{"line":76,"column":7}},"type":"if","locations":[{"start":{"line":73,"column":6},"end":{"line":76,"column":7}}]},"5":{"loc":{"start":{"line":98,"column":6},"end":{"line":101,"column":7}},"type":"if","locations":[{"start":{"line":98,"column":6},"end":{"line":101,"column":7}}]},"6":{"loc":{"start":{"line":104,"column":6},"end":{"line":107,"column":7}},"type":"if","locations":[{"start":{"line":104,"column":6},"end":{"line":107,"column":7}}]},"7":{"loc":{"start":{"line":121,"column":6},"end":{"line":124,"column":7}},"type":"if","locations":[{"start":{"line":121,"column":6},"end":{"line":124,"column":7}}]},"8":{"loc":{"start":{"line":121,"column":10},"end":{"line":121,"column":56}},"type":"binary-expr","locations":[{"start":{"line":121,"column":10},"end":{"line":121,"column":20}},{"start":{"line":121,"column":24},"end":{"line":121,"column":56}}]}},"s":{"0":3,"1":3,"2":3,"3":3,"4":3,"5":3,"6":3,"7":3,"8":17,"9":17,"10":17,"11":17,"12":17,"13":2,"14":2,"15":15,"16":15,"17":1,"18":1,"19":14,"20":13,"21":12,"22":2,"23":2,"24":11,"25":11,"26":11,"27":11,"28":11,"29":1,"30":1,"31":10,"32":10,"33":1,"34":1,"35":9,"36":8,"37":1,"38":1,"39":7,"40":7,"41":1,"42":1,"43":4,"44":4,"45":1,"46":1,"47":3,"48":2,"49":1,"50":1,"51":1,"52":1,"53":1,"54":3,"55":3,"56":3,"57":3,"58":3,"59":2,"60":1,"61":1},"f":{"0":17,"1":11,"2":4,"3":3},"b":{"0":[2],"1":[1],"2":[1],"3":[1],"4":[1],"5":[1],"6":[1],"7":[3],"8":[3,3]}}
,"/Users/masami/family-tree/src/middleware/auth.ts": {"path":"/Users/masami/family-tree/src/middleware/auth.ts","statementMap":{"0":{"start":{"line":2,"column":0},"end":{"line":2,"column":31}},"1":{"start":{"line":3,"column":0},"end":{"line":3,"column":35}},"2":{"start":{"line":14,"column":26},"end":{"line":14,"column":43}},"3":{"start":{"line":16,"column":30},"end":{"line":46,"column":1}},"4":{"start":{"line":17,"column":21},"end":{"line":17,"column":46}},"5":{"start":{"line":19,"column":2},"end":{"line":22,"column":3}},"6":{"start":{"line":20,"column":4},"end":{"line":20,"column":57}},"7":{"start":{"line":21,"column":4},"end":{"line":21,"column":11}},"8":{"start":{"line":24,"column":16},"end":{"line":24,"column":39}},"9":{"start":{"line":26,"column":2},"end":{"line":29,"column":3}},"10":{"start":{"line":27,"column":4},"end":{"line":27,"column":66}},"11":{"start":{"line":28,"column":4},"end":{"line":28,"column":11}},"12":{"start":{"line":31,"column":2},"end":{"line":45,"column":3}},"13":{"start":{"line":32,"column":20},"end":{"line":32,"column":null}},"14":{"start":{"line":37,"column":4},"end":{"line":40,"column":6}},"15":{"start":{"line":42,"column":4},"end":{"line":42,"column":11}},"16":{"start":{"line":44,"column":4},"end":{"line":44,"column":53}},"17":{"start":{"line":16,"column":13},"end":{"line":16,"column":30}},"18":{"start":{"line":48,"column":31},"end":{"line":50,"column":1}},"19":{"start":{"line":49,"column":2},"end":{"line":49,"column":31}},"20":{"start":{"line":48,"column":13},"end":{"line":48,"column":31}},"21":{"start":{"line":52,"column":34},"end":{"line":54,"column":1}},"22":{"start":{"line":53,"column":2},"end":{"line":53,"column":38}},"23":{"start":{"line":52,"column":13},"end":{"line":52,"column":34}},"24":{"start":{"line":56,"column":38},"end":{"line":58,"column":1}},"25":{"start":{"line":57,"column":2},"end":{"line":57,"column":28}},"26":{"start":{"line":56,"column":13},"end":{"line":56,"column":38}}},"fnMap":{"0":{"name":"(anonymous_1)","decl":{"start":{"line":16,"column":30},"end":{"line":16,"column":31}},"loc":{"start":{"line":16,"column":92},"end":{"line":46,"column":1}}},"1":{"name":"(anonymous_2)","decl":{"start":{"line":48,"column":31},"end":{"line":48,"column":32}},"loc":{"start":{"line":48,"column":55},"end":{"line":50,"column":1}}},"2":{"name":"(anonymous_3)","decl":{"start":{"line":52,"column":34},"end":{"line":52,"column":35}},"loc":{"start":{"line":52,"column":61},"end":{"line":54,"column":1}}},"3":{"name":"(anonymous_4)","decl":{"start":{"line":56,"column":38},"end":{"line":56,"column":47}},"loc":{"start":{"line":56,"column":49},"end":{"line":58,"column":1}}}},"branchMap":{"0":{"loc":{"start":{"line":19,"column":2},"end":{"line":22,"column":3}},"type":"if","locations":[{"start":{"line":19,"column":2},"end":{"line":22,"column":3}}]},"1":{"loc":{"start":{"line":19,"column":6},"end":{"line":19,"column":54}},"type":"binary-expr","locations":[{"start":{"line":19,"column":6},"end":{"line":19,"column":17}},{"start":{"line":19,"column":21},"end":{"line":19,"column":54}}]},"2":{"loc":{"start":{"line":26,"column":2},"end":{"line":29,"column":3}},"type":"if","locations":[{"start":{"line":26,"column":2},"end":{"line":29,"column":3}}]}},"s":{"0":4,"1":4,"2":4,"3":4,"4":12,"5":12,"6":3,"7":3,"8":9,"9":9,"10":2,"11":2,"12":7,"13":7,"14":4,"15":4,"16":3,"17":4,"18":4,"19":3,"20":4,"21":4,"22":0,"23":4,"24":4,"25":15,"26":4},"f":{"0":12,"1":3,"2":0,"3":15},"b":{"0":[3],"1":[12,10],"2":[2]}}
,"/Users/masami/family-tree/src/middleware/rateLimiter.ts": {"path":"/Users/masami/family-tree/src/middleware/rateLimiter.ts","statementMap":{"0":{"start":{"line":10,"column":0},"end":{"line":10,"column":16}},"1":{"start":{"line":55,"column":0},"end":{"line":55,"column":16}},"2":{"start":{"line":8,"column":23},"end":{"line":8,"column":56}},"3":{"start":{"line":14,"column":2},"end":{"line":38,"column":4}},"4":{"start":{"line":15,"column":16},"end":{"line":15,"column":39}},"5":{"start":{"line":16,"column":16},"end":{"line":16,"column":26}},"6":{"start":{"line":18,"column":18},"end":{"line":18,"column":41}},"7":{"start":{"line":20,"column":4},"end":{"line":27,"column":5}},"8":{"start":{"line":21,"column":6},"end":{"line":24,"column":9}},"9":{"start":{"line":25,"column":6},"end":{"line":25,"column":13}},"10":{"start":{"line":26,"column":6},"end":{"line":26,"column":13}},"11":{"start":{"line":29,"column":4},"end":{"line":34,"column":5}},"12":{"start":{"line":30,"column":6},"end":{"line":32,"column":9}},"13":{"start":{"line":33,"column":6},"end":{"line":33,"column":13}},"14":{"start":{"line":36,"column":4},"end":{"line":36,"column":18}},"15":{"start":{"line":37,"column":4},"end":{"line":37,"column":11}},"16":{"start":{"line":42,"column":45},"end":{"line":42,"column":49}},"17":{"start":{"line":44,"column":0},"end":{"line":53,"column":1}},"18":{"start":{"line":45,"column":2},"end":{"line":52,"column":16}},"19":{"start":{"line":46,"column":16},"end":{"line":46,"column":26}},"20":{"start":{"line":47,"column":4},"end":{"line":51,"column":5}},"21":{"start":{"line":48,"column":6},"end":{"line":50,"column":7}},"22":{"start":{"line":49,"column":8},"end":{"line":49,"column":35}},"23":{"start":{"line":56,"column":2},"end":{"line":56,"column":25}},"24":{"start":{"line":57,"column":2},"end":{"line":60,"column":3}},"25":{"start":{"line":58,"column":4},"end":{"line":58,"column":35}},"26":{"start":{"line":59,"column":4},"end":{"line":59,"column":27}}},"fnMap":{"0":{"name":"createRateLimiter","decl":{"start":{"line":10,"column":16},"end":{"line":10,"column":33}},"loc":{"start":{"line":12,"column":25},"end":{"line":39,"column":1}}},"1":{"name":"(anonymous_1)","decl":{"start":{"line":14,"column":9},"end":{"line":14,"column":10}},"loc":{"start":{"line":14,"column":67},"end":{"line":38,"column":3}}},"2":{"name":"(anonymous_2)","decl":{"start":{"line":45,"column":32},"end":{"line":45,"column":35}},"loc":{"start":{"line":45,"column":37},"end":{"line":52,"column":3}}},"3":{"name":"clearRateLimitStore","decl":{"start":{"line":55,"column":16},"end":{"line":55,"column":35}},"loc":{"start":{"line":55,"column":35},"end":{"line":61,"column":1}}}},"branchMap":{"0":{"loc":{"start":{"line":11,"column":2},"end":{"line":11,"column":35}},"type":"default-arg","locations":[{"start":{"line":11,"column":21},"end":{"line":11,"column":35}}]},"1":{"loc":{"start":{"line":12,"column":2},"end":{"line":12,"column":25}},"type":"default-arg","locations":[{"start":{"line":12,"column":24},"end":{"line":12,"column":25}}]},"2":{"loc":{"start":{"line":20,"column":4},"end":{"line":27,"column":5}},"type":"if","locations":[{"start":{"line":20,"column":4},"end":{"line":27,"column":5}}]},"3":{"loc":{"start":{"line":20,"column":8},"end":{"line":20,"column":39}},"type":"binary-expr","locations":[{"start":{"line":20,"column":8},"end":{"line":20,"column":14}},{"start":{"line":20,"column":18},"end":{"line":20,"column":39}}]},"4":{"loc":{"start":{"line":29,"column":4},"end":{"line":34,"column":5}},"type":"if","locations":[{"start":{"line":29,"column":4},"end":{"line":34,"column":5}}]},"5":{"loc":{"start":{"line":44,"column":0},"end":{"line":53,"column":1}},"type":"if","locations":[{"start":{"line":44,"column":0},"end":{"line":53,"column":1}}]},"6":{"loc":{"start":{"line":48,"column":6},"end":{"line":50,"column":7}},"type":"if","locations":[{"start":{"line":48,"column":6},"end":{"line":50,"column":7}}]},"7":{"loc":{"start":{"line":57,"column":2},"end":{"line":60,"column":3}},"type":"if","locations":[{"start":{"line":57,"column":2},"end":{"line":60,"column":3}}]}},"s":{"0":3,"1":3,"2":3,"3":9,"4":40,"5":40,"6":40,"7":40,"8":32,"9":32,"10":32,"11":8,"12":4,"13":4,"14":4,"15":4,"16":3,"17":3,"18":0,"19":0,"20":0,"21":0,"22":0,"23":25,"24":25,"25":0,"26":0},"f":{"0":9,"1":40,"2":0,"3":25},"b":{"0":[0],"1":[0],"2":[32],"3":[40,9],"4":[4],"5":[0],"6":[0],"7":[0]}}
,"/Users/masami/family-tree/src/models/user.ts": {"path":"/Users/masami/family-tree/src/models/user.ts","statementMap":{"0":{"start":{"line":14,"column":33},"end":{"line":14,"column":42}},"1":{"start":{"line":16,"column":13},"end":{"line":50,"column":2}},"2":{"start":{"line":18,"column":23},"end":{"line":23,"column":6}},"3":{"start":{"line":24,"column":4},"end":{"line":24,"column":29}},"4":{"start":{"line":25,"column":4},"end":{"line":25,"column":16}},"5":{"start":{"line":29,"column":4},"end":{"line":33,"column":5}},"6":{"start":{"line":30,"column":6},"end":{"line":32,"column":7}},"7":{"start":{"line":31,"column":8},"end":{"line":31,"column":20}},"8":{"start":{"line":34,"column":4},"end":{"line":34,"column":16}},"9":{"start":{"line":38,"column":4},"end":{"line":38,"column":33}},"10":{"start":{"line":43,"column":42},"end":{"line":43,"column":46}},"11":{"start":{"line":44,"column":4},"end":{"line":44,"column":24}},"12":{"start":{"line":48,"column":4},"end":{"line":48,"column":18}},"13":{"start":{"line":53,"column":2},"end":{"line":53,"column":72}}},"fnMap":{"0":{"name":"(anonymous_0)","decl":{"start":{"line":17,"column":10},"end":{"line":17,"column":15}},"loc":{"start":{"line":17,"column":90},"end":{"line":26,"column":3}}},"1":{"name":"(anonymous_1)","decl":{"start":{"line":28,"column":15},"end":{"line":28,"column":20}},"loc":{"start":{"line":28,"column":61},"end":{"line":35,"column":3}}},"2":{"name":"(anonymous_2)","decl":{"start":{"line":37,"column":12},"end":{"line":37,"column":17}},"loc":{"start":{"line":37,"column":55},"end":{"line":39,"column":3}}},"3":{"name":"(anonymous_3)","decl":{"start":{"line":41,"column":14},"end":{"line":41,"column":15}},"loc":{"start":{"line":41,"column":43},"end":{"line":45,"column":3}}},"4":{"name":"(anonymous_4)","decl":{"start":{"line":47,"column":12},"end":{"line":47,"column":21}},"loc":{"start":{"line":47,"column":23},"end":{"line":49,"column":3}}},"5":{"name":"generateId","decl":{"start":{"line":52,"column":9},"end":{"line":52,"column":19}},"loc":{"start":{"line":52,"column":19},"end":{"line":54,"column":1}}}},"branchMap":{"0":{"loc":{"start":{"line":30,"column":6},"end":{"line":32,"column":7}},"type":"if","locations":[{"start":{"line":30,"column":6},"end":{"line":32,"column":7}}]},"1":{"loc":{"start":{"line":38,"column":11},"end":{"line":38,"column":32}},"type":"binary-expr","locations":[{"start":{"line":38,"column":11},"end":{"line":38,"column":24}},{"start":{"line":38,"column":28},"end":{"line":38,"column":32}}]}},"s":{"0":3,"1":3,"2":12,"3":12,"4":12,"5":22,"6":10,"7":9,"8":13,"9":1,"10":20,"11":20,"12":15,"13":12},"f":{"0":12,"1":22,"2":1,"3":20,"4":15,"5":12},"b":{"0":[9],"1":[1,0]}}
,"/Users/masami/family-tree/src/utils/sanitize.ts": {"path":"/Users/masami/family-tree/src/utils/sanitize.ts","statementMap":{"0":{"start":{"line":1,"column":0},"end":{"line":1,"column":16}},"1":{"start":{"line":9,"column":0},"end":{"line":9,"column":16}},"2":{"start":{"line":2,"column":2},"end":{"line":6,"column":4}},"3":{"start":{"line":10,"column":2},"end":{"line":13,"column":4}}},"fnMap":{"0":{"name":"sanitizeUser","decl":{"start":{"line":1,"column":16},"end":{"line":1,"column":28}},"loc":{"start":{"line":1,"column":38},"end":{"line":7,"column":1}}},"1":{"name":"sanitizeLogin","decl":{"start":{"line":9,"column":16},"end":{"line":9,"column":29}},"loc":{"start":{"line":9,"column":39},"end":{"line":14,"column":1}}}},"branchMap":{},"s":{"0":3,"1":3,"2":17,"3":11},"f":{"0":17,"1":11},"b":{}}
,"/Users/masami/family-tree/src/utils/validation.ts": {"path":"/Users/masami/family-tree/src/utils/validation.ts","statementMap":{"0":{"start":{"line":6,"column":0},"end":{"line":6,"column":16}},"1":{"start":{"line":58,"column":0},"end":{"line":58,"column":16}},"2":{"start":{"line":7,"column":36},"end":{"line":7,"column":38}},"3":{"start":{"line":9,"column":2},"end":{"line":14,"column":3}},"4":{"start":{"line":10,"column":4},"end":{"line":13,"column":7}},"5":{"start":{"line":16,"column":2},"end":{"line":46,"column":3}},"6":{"start":{"line":17,"column":4},"end":{"line":20,"column":7}},"7":{"start":{"line":22,"column":4},"end":{"line":27,"column":5}},"8":{"start":{"line":23,"column":6},"end":{"line":26,"column":9}},"9":{"start":{"line":28,"column":4},"end":{"line":33,"column":5}},"10":{"start":{"line":29,"column":6},"end":{"line":32,"column":9}},"11":{"start":{"line":34,"column":4},"end":{"line":39,"column":5}},"12":{"start":{"line":35,"column":6},"end":{"line":38,"column":9}},"13":{"start":{"line":40,"column":4},"end":{"line":45,"column":5}},"14":{"start":{"line":41,"column":6},"end":{"line":44,"column":9}},"15":{"start":{"line":48,"column":2},"end":{"line":53,"column":3}},"16":{"start":{"line":49,"column":4},"end":{"line":52,"column":7}},"17":{"start":{"line":55,"column":2},"end":{"line":55,"column":16}},"18":{"start":{"line":59,"column":36},"end":{"line":59,"column":38}},"19":{"start":{"line":61,"column":2},"end":{"line":66,"column":3}},"20":{"start":{"line":62,"column":4},"end":{"line":65,"column":7}},"21":{"start":{"line":68,"column":2},"end":{"line":73,"column":3}},"22":{"start":{"line":69,"column":4},"end":{"line":72,"column":7}},"23":{"start":{"line":75,"column":2},"end":{"line":75,"column":16}},"24":{"start":{"line":79,"column":21},"end":{"line":79,"column":49}},"25":{"start":{"line":80,"column":2},"end":{"line":80,"column":32}}},"fnMap":{"0":{"name":"validateRegistration","decl":{"start":{"line":6,"column":16},"end":{"line":6,"column":36}},"loc":{"start":{"line":6,"column":46},"end":{"line":56,"column":1}}},"1":{"name":"validateLogin","decl":{"start":{"line":58,"column":16},"end":{"line":58,"column":29}},"loc":{"start":{"line":58,"column":39},"end":{"line":76,"column":1}}},"2":{"name":"isValidEmail","decl":{"start":{"line":78,"column":9},"end":{"line":78,"column":21}},"loc":{"start":{"line":78,"column":35},"end":{"line":81,"column":1}}}},"branchMap":{"0":{"loc":{"start":{"line":9,"column":2},"end":{"line":14,"column":3}},"type":"if","locations":[{"start":{"line":9,"column":2},"end":{"line":14,"column":3}}]},"1":{"loc":{"start":{"line":9,"column":6},"end":{"line":9,"column":46}},"type":"binary-expr","locations":[{"start":{"line":9,"column":6},"end":{"line":9,"column":17}},{"start":{"line":9,"column":21},"end":{"line":9,"column":46}}]},"2":{"loc":{"start":{"line":16,"column":2},"end":{"line":46,"column":3}},"type":"if","locations":[{"start":{"line":16,"column":2},"end":{"line":46,"column":3}},{"start":{"line":21,"column":9},"end":{"line":46,"column":3}}]},"3":{"loc":{"start":{"line":22,"column":4},"end":{"line":27,"column":5}},"type":"if","locations":[{"start":{"line":22,"column":4},"end":{"line":27,"column":5}}]},"4":{"loc":{"start":{"line":28,"column":4},"end":{"line":33,"column":5}},"type":"if","locations":[{"start":{"line":28,"column":4},"end":{"line":33,"column":5}}]},"5":{"loc":{"start":{"line":34,"column":4},"end":{"line":39,"column":5}},"type":"if","locations":[{"start":{"line":34,"column":4},"end":{"line":39,"column":5}}]},"6":{"loc":{"start":{"line":40,"column":4},"end":{"line":45,"column":5}},"type":"if","locations":[{"start":{"line":40,"column":4},"end":{"line":45,"column":5}}]},"7":{"loc":{"start":{"line":48,"column":2},"end":{"line":53,"column":3}},"type":"if","locations":[{"start":{"line":48,"column":2},"end":{"line":53,"column":3}}]},"8":{"loc":{"start":{"line":48,"column":6},"end":{"line":48,"column":43}},"type":"binary-expr","locations":[{"start":{"line":48,"column":6},"end":{"line":48,"column":16}},{"start":{"line":48,"column":20},"end":{"line":48,"column":43}}]},"9":{"loc":{"start":{"line":61,"column":2},"end":{"line":66,"column":3}},"type":"if","locations":[{"start":{"line":61,"column":2},"end":{"line":66,"column":3}}]},"10":{"loc":{"start":{"line":61,"column":6},"end":{"line":61,"column":46}},"type":"binary-expr","locations":[{"start":{"line":61,"column":6},"end":{"line":61,"column":17}},{"start":{"line":61,"column":21},"end":{"line":61,"column":46}}]},"11":{"loc":{"start":{"line":68,"column":2},"end":{"line":73,"column":3}},"type":"if","locations":[{"start":{"line":68,"column":2},"end":{"line":73,"column":3}}]},"12":{"loc":{"start":{"line":68,"column":6},"end":{"line":68,"column":44}},"type":"binary-expr","locations":[{"start":{"line":68,"column":6},"end":{"line":68,"column":20}},{"start":{"line":68,"column":24},"end":{"line":68,"column":44}}]}},"s":{"0":4,"1":4,"2":24,"3":24,"4":2,"5":24,"6":0,"7":24,"8":2,"9":24,"10":3,"11":24,"12":1,"13":24,"14":3,"15":24,"16":1,"17":24,"18":14,"19":14,"20":2,"21":14,"22":2,"23":14,"24":37,"25":37},"f":{"0":24,"1":14,"2":37},"b":{"0":[2],"1":[24,24],"2":[0,24],"3":[2],"4":[3],"5":[1],"6":[3],"7":[1],"8":[24,23],"9":[2],"10":[14,13],"11":[2],"12":[14,12]}}
}
