TN:
SF:src/index.ts
FN:17,(anonymous_1)
FN:23,(anonymous_2)
FN:30,(anonymous_3)
FNF:3
FNH:1
FNDA:1,(anonymous_1)
FNDA:0,(anonymous_2)
FNDA:0,(anonymous_3)
DA:1,2
DA:2,2
DA:3,2
DA:4,2
DA:6,2
DA:9,2
DA:10,2
DA:11,2
DA:14,2
DA:17,2
DA:18,1
DA:23,2
DA:24,0
DA:25,0
DA:29,2
DA:30,0
DA:31,0
LF:17
LH:13
BRDA:29,0,0,0
BRF:1
BRH:0
end_of_record
TN:
SF:src/api/auth/index.ts
FNF:0
FNH:0
DA:1,2
DA:2,2
DA:3,2
DA:4,2
DA:6,2
DA:9,2
DA:10,2
DA:13,2
DA:14,2
DA:17,2
DA:18,2
DA:20,2
LF:12
LH:12
BRF:0
BRH:0
end_of_record
TN:
SF:src/config/index.ts
FNF:0
FNH:0
DA:1,4
DA:3,4
DA:5,4
LF:3
LH:3
BRDA:6,0,0,4
BRDA:6,0,1,4
BRDA:7,1,0,4
BRDA:7,1,1,4
BRDA:8,2,0,4
BRDA:8,2,1,4
BRDA:9,3,0,4
BRDA:9,3,1,4
BRDA:10,4,0,4
BRDA:10,4,1,0
BRF:10
BRH:9
end_of_record
TN:
SF:src/controllers/authController.ts
FN:11,(anonymous_1)
FN:51,(anonymous_2)
FN:96,(anonymous_3)
FN:118,(anonymous_4)
FNF:4
FNH:4
FNDA:17,(anonymous_1)
FNDA:11,(anonymous_2)
FNDA:4,(anonymous_3)
FNDA:3,(anonymous_4)
DA:2,3
DA:3,3
DA:4,3
DA:5,3
DA:6,3
DA:7,3
DA:8,3
DA:10,3
DA:12,17
DA:14,17
DA:15,17
DA:18,17
DA:19,17
DA:20,2
DA:21,2
DA:25,15
DA:26,15
DA:27,1
DA:28,1
DA:32,14
DA:35,13
DA:41,12
DA:46,2
DA:47,2
DA:52,11
DA:54,11
DA:55,11
DA:58,11
DA:59,11
DA:60,1
DA:61,1
DA:65,10
DA:66,10
DA:67,1
DA:68,1
DA:72,9
DA:73,8
DA:74,1
DA:75,1
DA:79,7
DA:85,7
DA:91,1
DA:92,1
DA:97,4
DA:98,4
DA:99,1
DA:100,1
DA:103,3
DA:104,2
DA:105,1
DA:106,1
DA:109,1
DA:113,1
DA:114,1
DA:119,3
DA:120,3
DA:121,3
DA:122,3
DA:123,3
DA:126,2
DA:128,1
DA:129,1
LF:62
LH:62
BRDA:19,0,0,2
BRDA:26,1,0,1
BRDA:59,2,0,1
BRDA:66,3,0,1
BRDA:73,4,0,1
BRDA:98,5,0,1
BRDA:104,6,0,1
BRDA:121,7,0,3
BRDA:121,8,0,3
BRDA:121,8,1,3
BRF:10
BRH:10
end_of_record
TN:
SF:src/middleware/auth.ts
FN:16,(anonymous_1)
FN:48,(anonymous_2)
FN:52,(anonymous_3)
FN:56,(anonymous_4)
FNF:4
FNH:3
FNDA:12,(anonymous_1)
FNDA:3,(anonymous_2)
FNDA:0,(anonymous_3)
FNDA:15,(anonymous_4)
DA:2,4
DA:3,4
DA:14,4
DA:16,4
DA:17,12
DA:19,12
DA:20,3
DA:21,3
DA:24,9
DA:26,9
DA:27,2
DA:28,2
DA:31,7
DA:32,7
DA:37,4
DA:42,4
DA:44,3
DA:48,4
DA:49,3
DA:52,4
DA:53,0
DA:56,4
DA:57,15
LF:23
LH:22
BRDA:19,0,0,3
BRDA:19,1,0,12
BRDA:19,1,1,10
BRDA:26,2,0,2
BRF:4
BRH:4
end_of_record
TN:
SF:src/middleware/rateLimiter.ts
FN:10,createRateLimiter
FN:14,(anonymous_1)
FN:45,(anonymous_2)
FN:55,clearRateLimitStore
FNF:4
FNH:3
FNDA:9,createRateLimiter
FNDA:40,(anonymous_1)
FNDA:0,(anonymous_2)
FNDA:25,clearRateLimitStore
DA:8,3
DA:10,3
DA:14,9
DA:15,40
DA:16,40
DA:18,40
DA:20,40
DA:21,32
DA:25,32
DA:26,32
DA:29,8
DA:30,4
DA:33,4
DA:36,4
DA:37,4
DA:42,3
DA:44,3
DA:45,0
DA:46,0
DA:47,0
DA:48,0
DA:49,0
DA:55,3
DA:56,25
DA:57,25
DA:58,0
DA:59,0
LF:27
LH:20
BRDA:11,0,0,0
BRDA:12,1,0,0
BRDA:20,2,0,32
BRDA:20,3,0,40
BRDA:20,3,1,9
BRDA:29,4,0,4
BRDA:44,5,0,0
BRDA:48,6,0,0
BRDA:57,7,0,0
BRF:9
BRH:4
end_of_record
TN:
SF:src/models/user.ts
FN:17,(anonymous_0)
FN:28,(anonymous_1)
FN:37,(anonymous_2)
FN:41,(anonymous_3)
FN:47,(anonymous_4)
FN:52,generateId
FNF:6
FNH:6
FNDA:12,(anonymous_0)
FNDA:22,(anonymous_1)
FNDA:1,(anonymous_2)
FNDA:20,(anonymous_3)
FNDA:15,(anonymous_4)
FNDA:12,generateId
DA:14,3
DA:16,3
DA:18,12
DA:24,12
DA:25,12
DA:29,22
DA:30,10
DA:31,9
DA:34,13
DA:38,1
DA:43,20
DA:44,20
DA:48,15
DA:53,12
LF:14
LH:14
BRDA:30,0,0,9
BRDA:38,1,0,1
BRDA:38,1,1,0
BRF:3
BRH:2
end_of_record
TN:
SF:src/utils/sanitize.ts
FN:1,sanitizeUser
FN:9,sanitizeLogin
FNF:2
FNH:2
FNDA:17,sanitizeUser
FNDA:11,sanitizeLogin
DA:1,3
DA:2,17
DA:9,3
DA:10,11
LF:4
LH:4
BRF:0
BRH:0
end_of_record
TN:
SF:src/utils/validation.ts
FN:6,validateRegistration
FN:58,validateLogin
FN:78,isValidEmail
FNF:3
FNH:3
FNDA:24,validateRegistration
FNDA:14,validateLogin
FNDA:37,isValidEmail
DA:6,4
DA:7,24
DA:9,24
DA:10,2
DA:16,24
DA:17,0
DA:22,24
DA:23,2
DA:28,24
DA:29,3
DA:34,24
DA:35,1
DA:40,24
DA:41,3
DA:48,24
DA:49,1
DA:55,24
DA:58,4
DA:59,14
DA:61,14
DA:62,2
DA:68,14
DA:69,2
DA:75,14
DA:79,37
DA:80,37
LF:26
LH:25
BRDA:9,0,0,2
BRDA:9,1,0,24
BRDA:9,1,1,24
BRDA:16,2,0,0
BRDA:16,2,1,24
BRDA:22,3,0,2
BRDA:28,4,0,3
BRDA:34,5,0,1
BRDA:40,6,0,3
BRDA:48,7,0,1
BRDA:48,8,0,24
BRDA:48,8,1,23
BRDA:61,9,0,2
BRDA:61,10,0,14
BRDA:61,10,1,13
BRDA:68,11,0,2
BRDA:68,12,0,14
BRDA:68,12,1,12
BRF:18
BRH:17
end_of_record
